This is pdfTeX, Version 3.14159265-2.6-1.40.20 (TeX Live 2019/Debian) (preloaded format=pdflatex 2020.11.10)  18 MAY 2021 16:25
entering extended mode
 restricted \write18 enabled.
 %&-line parsing enabled.
**prace.tex
(./prace.tex
LaTeX2e <2020-02-02> patch level 2
L3 programming layer <2020-02-14>
(/usr/share/texlive/texmf-dist/tex/latex/base/report.cls
Document Class: report 2019/12/20 v1.4l Standard LaTeX document class
(/usr/share/texlive/texmf-dist/tex/latex/base/size12.clo
File: size12.clo 2019/12/20 v1.4l Standard LaTeX file (size option)
)
\c@part=\count167
\c@chapter=\count168
\c@section=\count169
\c@subsection=\count170
\c@subsubsection=\count171
\c@paragraph=\count172
\c@subparagraph=\count173
\c@figure=\count174
\c@table=\count175
\abovecaptionskip=\skip47
\belowcaptionskip=\skip48
\bibindent=\dimen134
)
(/usr/share/texlive/texmf-dist/tex/latex/pdfx/pdfx.sty
Package: pdfx 2019/02/27 v1.6.3 PDF/X and PDF/A support (CVR/HTH/RRM/PS)
\pdfx@minorversion=\count176

(/usr/share/texlive/texmf-dist/tex/generic/iftex/iftex.sty
Package: iftex 2019/11/07 v1.0c TeX engine tests
)
(/usr/share/texlive/texmf-dist/tex/generic/iftex/ifpdf.sty
Package: ifpdf 2019/10/25 v3.4 ifpdf legacy package. Use iftex instead.
)
(/usr/share/texlive/texmf-dist/tex/generic/iftex/ifxetex.sty
Package: ifxetex 2019/10/25 v0.7 ifxetex legacy package. Use iftex instead.
)
(/usr/share/texlive/texmf-dist/tex/latex/ms/everyshi.sty
Package: everyshi 2001/05/15 v3.00 EveryShipout Package (MS)
)
(/usr/share/texlive/texmf-dist/tex/generic/iftex/ifluatex.sty
Package: ifluatex 2019/10/25 v1.5 ifluatex legacy package. Use iftex instead.
){/var/lib/texmf/fonts/map/pdftex/updmap/pdftex.map}
(/usr/share/texlive/texmf-dist/tex/latex/base/inputenc.sty
Package: inputenc 2018/08/11 v1.3c Input encoding file
\inpenc@prehook=\toks14
\inpenc@posthook=\toks15
)
(/usr/share/texlive/texmf-dist/tex/latex/pdfx/l8u-penc.def
File: l8u-penc.def 2017/06/23 v0.8 Custom LaTeX file, for UTF8 encoded letters 
and symbols
LaTeX Info: Composite with undeclared \b in encoding L8U on input line 278.
)
\pdfxsafeforxmp@toks=\toks16

(/usr/share/texlive/texmf-dist/tex/latex/xcolor/xcolor.sty
Package: xcolor 2016/05/11 v2.12 LaTeX color extensions (UK)

(/usr/share/texlive/texmf-dist/tex/latex/graphics-cfg/color.cfg
File: color.cfg 2016/01/02 v1.6 sample color configuration
)
Package xcolor Info: Driver file: pdftex.def on input line 225.

(/usr/share/texlive/texmf-dist/tex/latex/graphics-def/pdftex.def
File: pdftex.def 2018/01/08 v1.0l Graphics/color driver for pdftex
)
Package xcolor Info: Model `cmy' substituted by `cmy0' on input line 1348.
Package xcolor Info: Model `hsb' substituted by `rgb' on input line 1352.
Package xcolor Info: Model `RGB' extended on input line 1364.
Package xcolor Info: Model `HTML' substituted by `rgb' on input line 1366.
Package xcolor Info: Model `Hsb' substituted by `hsb' on input line 1367.
Package xcolor Info: Model `tHsb' substituted by `hsb' on input line 1368.
Package xcolor Info: Model `HSB' substituted by `hsb' on input line 1369.
Package xcolor Info: Model `Gray' substituted by `gray' on input line 1370.
Package xcolor Info: Model `wave' substituted by `hsb' on input line 1371.
)
\pdfx@tmptoks=\toks17

(/usr/share/texlive/texmf-dist/tex/latex/hyperref/hyperref.sty
Package: hyperref 2020/01/14 v7.00d Hypertext links for LaTeX

(/usr/share/texlive/texmf-dist/tex/generic/ltxcmds/ltxcmds.sty
Package: ltxcmds 2019/12/15 v1.24 LaTeX kernel commands for general use (HO)
)
(/usr/share/texlive/texmf-dist/tex/latex/pdftexcmds/pdftexcmds.sty
Package: pdftexcmds 2019/11/24 v0.31 Utility functions of pdfTeX for LuaTeX (HO
)

(/usr/share/texlive/texmf-dist/tex/generic/infwarerr/infwarerr.sty
Package: infwarerr 2019/12/03 v1.5 Providing info/warning/error messages (HO)
)
Package pdftexcmds Info: \pdf@primitive is available.
Package pdftexcmds Info: \pdf@ifprimitive is available.
Package pdftexcmds Info: \pdfdraftmode found.
)
(/usr/share/texlive/texmf-dist/tex/latex/graphics/keyval.sty
Package: keyval 2014/10/28 v1.15 key=value parser (DPC)
\KV@toks@=\toks18
)
(/usr/share/texlive/texmf-dist/tex/generic/kvsetkeys/kvsetkeys.sty
Package: kvsetkeys 2019/12/15 v1.18 Key value parser (HO)
)
(/usr/share/texlive/texmf-dist/tex/generic/kvdefinekeys/kvdefinekeys.sty
Package: kvdefinekeys 2019-12-19 v1.6 Define keys (HO)
)
(/usr/share/texlive/texmf-dist/tex/generic/pdfescape/pdfescape.sty
Package: pdfescape 2019/12/09 v1.15 Implements pdfTeX's escape features (HO)
)
(/usr/share/texlive/texmf-dist/tex/latex/hycolor/hycolor.sty
Package: hycolor 2020-01-27 v1.10 Color options for hyperref/bookmark (HO)
)
(/usr/share/texlive/texmf-dist/tex/latex/letltxmacro/letltxmacro.sty
Package: letltxmacro 2019/12/03 v1.6 Let assignment for LaTeX macros (HO)
)
(/usr/share/texlive/texmf-dist/tex/latex/auxhook/auxhook.sty
Package: auxhook 2019-12-17 v1.6 Hooks for auxiliary files (HO)
)
(/usr/share/texlive/texmf-dist/tex/latex/kvoptions/kvoptions.sty
Package: kvoptions 2019/11/29 v3.13 Key value format for package options (HO)
)
\@linkdim=\dimen135
\Hy@linkcounter=\count177
\Hy@pagecounter=\count178

(/usr/share/texlive/texmf-dist/tex/latex/hyperref/pd1enc.def
File: pd1enc.def 2020/01/14 v7.00d Hyperref: PDFDocEncoding definition (HO)
)
(/usr/share/texlive/texmf-dist/tex/generic/intcalc/intcalc.sty
Package: intcalc 2019/12/15 v1.3 Expandable calculations with integers (HO)
)
(/usr/share/texlive/texmf-dist/tex/generic/etexcmds/etexcmds.sty
Package: etexcmds 2019/12/15 v1.7 Avoid name clashes with e-TeX commands (HO)
)
\Hy@SavedSpaceFactor=\count179
\pdfmajorversion=\count180
Package hyperref Info: Option `pdfa' set `true' on input line 4421.
Package hyperref Info: Hyper figures OFF on input line 4547.
Package hyperref Info: Link nesting OFF on input line 4552.
Package hyperref Info: Hyper index ON on input line 4555.
Package hyperref Info: Plain pages OFF on input line 4562.
Package hyperref Info: Backreferencing OFF on input line 4567.
Package hyperref Info: Implicit mode ON; LaTeX internals redefined.
Package hyperref Info: Bookmarks ON on input line 4800.
\c@Hy@tempcnt=\count181

(/usr/share/texlive/texmf-dist/tex/latex/url/url.sty
\Urlmuskip=\muskip16
Package: url 2013/09/16  ver 3.4  Verb mode for urls, etc.
)
LaTeX Info: Redefining \url on input line 5159.
\XeTeXLinkMargin=\dimen136

(/usr/share/texlive/texmf-dist/tex/generic/bitset/bitset.sty
Package: bitset 2019/12/09 v1.3 Handle bit-vector datatype (HO)

(/usr/share/texlive/texmf-dist/tex/generic/bigintcalc/bigintcalc.sty
Package: bigintcalc 2019/12/15 v1.5 Expandable calculations on big integers (HO
)
))
\Fld@menulength=\count182
\Field@Width=\dimen137
\Fld@charsize=\dimen138
Package hyperref Info: Hyper figures OFF on input line 6430.
Package hyperref Info: Link nesting OFF on input line 6435.
Package hyperref Info: Hyper index ON on input line 6438.
Package hyperref Info: backreferencing OFF on input line 6445.
Package hyperref Info: Link coloring OFF on input line 6450.
Package hyperref Info: Link coloring with OCG OFF on input line 6455.
Package hyperref Info: PDF/A mode ON on input line 6458.
LaTeX Info: Redefining \ref on input line 6500.
LaTeX Info: Redefining \pageref on input line 6504.

(/usr/share/texlive/texmf-dist/tex/generic/atbegshi/atbegshi.sty
Package: atbegshi 2019/12/05 v1.19 At begin shipout hook (HO)
)
\Hy@abspage=\count183
\c@Item=\count184
\c@Hfootnote=\count185
)
Package hyperref Info: Driver: hpdftex.

(/usr/share/texlive/texmf-dist/tex/latex/hyperref/hpdftex.def
File: hpdftex.def 2020/01/14 v7.00d Hyperref driver for pdfTeX

(/usr/share/texlive/texmf-dist/tex/latex/atveryend/atveryend.sty
Package: atveryend 2019-12-11 v1.11 Hooks at the very end of document (HO)
Package atveryend Info: \enddocument detected (standard20110627).
)
\Fld@listcount=\count186
\c@bookmark@seq@number=\count187

(/usr/share/texlive/texmf-dist/tex/latex/rerunfilecheck/rerunfilecheck.sty
Package: rerunfilecheck 2019/12/05 v1.9 Rerun checks for auxiliary files (HO)

(/usr/share/texlive/texmf-dist/tex/generic/uniquecounter/uniquecounter.sty
Package: uniquecounter 2019/12/15 v1.4 Provide unlimited unique counter (HO)
)
Package uniquecounter Info: New unique counter `rerunfilecheck' on input line 2
86.
)
\Hy@SectionHShift=\skip49
)
Package hyperref Info: Option `unicode' set `true' on input line 1463.

(/usr/share/texlive/texmf-dist/tex/latex/hyperref/puenc.def
File: puenc.def 2020/01/14 v7.00d Hyperref: PDF Unicode definition (HO)
)
(/usr/share/texlive/texmf-dist/tex/generic/stringenc/stringenc.sty
Package: stringenc 2019/11/29 v1.12 Convert strings between diff. encodings (HO
)
)
Package hyperref Info: Option `psdextra' set `true' on input line 1465.

(/usr/share/texlive/texmf-dist/tex/latex/hyperref/psdextra.def
File: psdextra.def 2020/01/14 v7.00d Hyperref: Additions to PDF string support
)
(/usr/share/texlive/texmf-dist/tex/generic/colorprofiles/colorprofiles.sty
Package: colorprofiles 2018/11/01 v1.0.1 color profiles for PDF/X and PDF/A sup
port

(/usr/share/texlive/texmf-dist/tex/generic/colorprofiles/colorprofiles.tex))
(/usr/share/texlive/texmf-dist/tex/generic/stringenc/se-pdfdoc.def
File: se-pdfdoc.def 2019/11/29 v1.12 stringenc: PDFDocEncoding
)
(/usr/share/texlive/texmf-dist/tex/latex/pdfx/AdobeColorProfiles.tex)
(/usr/share/texlive/texmf-dist/tex/latex/pdfx/8bit.def
File: 8bit.def 2008/03/30 v1.1d Input encoding file
)
** pdfx: Metadata file prace.xmpdata read successfully.
(./prace.xmpdata)<<sRGB.icc>>
(/usr/share/texlive/texmf-dist/tex/latex/pdfx/8bit.def
File: 8bit.def 2008/03/30 v1.1d Input encoding file
)
(/usr/share/texlive/texmf-dist/tex/latex/pdfx/8bit.def
File: 8bit.def 2008/03/30 v1.1d Input encoding file
)
(/usr/share/texlive/texmf-dist/tex/generic/stringenc/se-utf8.def
File: se-utf8.def 2019/11/29 v1.12 stringenc: UTF-8
)
(/usr/share/texlive/texmf-dist/tex/latex/pdfx/8bit.def
File: 8bit.def 2008/03/30 v1.1d Input encoding file
)
Package hyperref Info: Option `unicode' set `true' on input line 2411.
Package hyperref Info: Option `unicode' set `true' on input line 2412.

(/usr/share/texlive/texmf-dist/tex/latex/pdfx/8bit.def
File: 8bit.def 2008/03/30 v1.1d Input encoding file
)
(/usr/share/texlive/texmf-dist/tex/generic/pdftex/glyphtounicode.tex)
(/usr/share/texlive/texmf-dist/tex/latex/pdfx/glyphtounicode-cmr.tex)
(/usr/share/texlive/texmf-dist/tex/latex/pdfx/glyphtounicode-ntx.tex)
(/usr/share/texlive/texmf-dist/tex/latex/base/ifthen.sty
Package: ifthen 2014/09/29 v1.1c Standard LaTeX ifthen package (DPC)
)
(/usr/share/texlive/texmf-dist/tex/latex/xmpincl/xmpincl.sty
Package: xmpincl 2008/05/10 v2.2 Include XMP data in pdflatex
)
(/usr/share/texlive/texmf-dist/tex/latex/pdfx/8bit.def
File: 8bit.def 2008/03/30 v1.1d Input encoding file
)
Using XMP template file: pdfa.xmp
\xmpinclWrite=\write3
\xmpinclRead=\read2
\openout3 = `pdfa.xmpi'.

<<pdfa.xmpi>>) (/usr/share/texlive/texmf-dist/tex/generic/babel/babel.sty
Package: babel 2020/02/14 3.40 The Babel package

(/usr/share/texlive/texmf-dist/tex/generic/babel/switch.def
File: switch.def 2020/02/14 3.40 Babel switching mechanism
)
(/usr/share/texlive/texmf-dist/tex/generic/babel-czech/czech.ldf
Language: czech 2008/07/06 v3.1a Czech support from the babel system

(/usr/share/texlive/texmf-dist/tex/generic/babel/babel.def
File: babel.def 2020/02/14 3.40 Babel common definitions
\babel@savecnt=\count188
\U@D=\dimen139

(/usr/share/texlive/texmf-dist/tex/generic/babel/txtbabel.def)
\bbl@readstream=\read3
\bbl@dirlevel=\count189
)
Package babel Info: Making " an active character on input line 172.
\cs@wordlen=\count190
Package babel Info: Making - an active character on input line 226.
))
(/usr/share/texmf/tex/latex/lm/lmodern.sty
Package: lmodern 2009/10/30 v1.6 Latin Modern Fonts
LaTeX Font Info:    Overwriting symbol font `operators' in version `normal'
(Font)                  OT1/cmr/m/n --> OT1/lmr/m/n on input line 22.
LaTeX Font Info:    Overwriting symbol font `letters' in version `normal'
(Font)                  OML/cmm/m/it --> OML/lmm/m/it on input line 23.
LaTeX Font Info:    Overwriting symbol font `symbols' in version `normal'
(Font)                  OMS/cmsy/m/n --> OMS/lmsy/m/n on input line 24.
LaTeX Font Info:    Overwriting symbol font `largesymbols' in version `normal'
(Font)                  OMX/cmex/m/n --> OMX/lmex/m/n on input line 25.
LaTeX Font Info:    Overwriting symbol font `operators' in version `bold'
(Font)                  OT1/cmr/bx/n --> OT1/lmr/bx/n on input line 26.
LaTeX Font Info:    Overwriting symbol font `letters' in version `bold'
(Font)                  OML/cmm/b/it --> OML/lmm/b/it on input line 27.
LaTeX Font Info:    Overwriting symbol font `symbols' in version `bold'
(Font)                  OMS/cmsy/b/n --> OMS/lmsy/b/n on input line 28.
LaTeX Font Info:    Overwriting symbol font `largesymbols' in version `bold'
(Font)                  OMX/cmex/m/n --> OMX/lmex/m/n on input line 29.
LaTeX Font Info:    Overwriting math alphabet `\mathbf' in version `normal'
(Font)                  OT1/cmr/bx/n --> OT1/lmr/bx/n on input line 31.
LaTeX Font Info:    Overwriting math alphabet `\mathsf' in version `normal'
(Font)                  OT1/cmss/m/n --> OT1/lmss/m/n on input line 32.
LaTeX Font Info:    Overwriting math alphabet `\mathit' in version `normal'
(Font)                  OT1/cmr/m/it --> OT1/lmr/m/it on input line 33.
LaTeX Font Info:    Overwriting math alphabet `\mathtt' in version `normal'
(Font)                  OT1/cmtt/m/n --> OT1/lmtt/m/n on input line 34.
LaTeX Font Info:    Overwriting math alphabet `\mathbf' in version `bold'
(Font)                  OT1/cmr/bx/n --> OT1/lmr/bx/n on input line 35.
LaTeX Font Info:    Overwriting math alphabet `\mathsf' in version `bold'
(Font)                  OT1/cmss/bx/n --> OT1/lmss/bx/n on input line 36.
LaTeX Font Info:    Overwriting math alphabet `\mathit' in version `bold'
(Font)                  OT1/cmr/bx/it --> OT1/lmr/bx/it on input line 37.
LaTeX Font Info:    Overwriting math alphabet `\mathtt' in version `bold'
(Font)                  OT1/cmtt/m/n --> OT1/lmtt/m/n on input line 38.
)
(/usr/share/texlive/texmf-dist/tex/latex/base/fontenc.sty
Package: fontenc 2020/02/11 v2.0o Standard LaTeX package
LaTeX Font Info:    Trying to load font information for T1+lmr on input line 11
2.

(/usr/share/texmf/tex/latex/lm/t1lmr.fd
File: t1lmr.fd 2009/10/30 v1.6 Font defs for Latin Modern
))
(/usr/share/texlive/texmf-dist/tex/latex/base/textcomp.sty
Package: textcomp 2020/02/02 v2.0n Standard LaTeX package
)
(/usr/share/texlive/texmf-dist/tex/latex/base/inputenc.sty
Package: inputenc 2018/08/11 v1.3c Input encoding file
)
(/usr/share/texlive/texmf-dist/tex/latex/amsmath/amsmath.sty
Package: amsmath 2020/01/20 v2.17e AMS math features
\@mathmargin=\skip50

For additional information on amsmath, use the `?' option.
(/usr/share/texlive/texmf-dist/tex/latex/amsmath/amstext.sty
Package: amstext 2000/06/29 v2.01 AMS text

(/usr/share/texlive/texmf-dist/tex/latex/amsmath/amsgen.sty
File: amsgen.sty 1999/11/30 v2.0 generic functions
\@emptytoks=\toks19
\ex@=\dimen140
))
(/usr/share/texlive/texmf-dist/tex/latex/amsmath/amsbsy.sty
Package: amsbsy 1999/11/29 v1.2d Bold Symbols
\pmbraise@=\dimen141
)
(/usr/share/texlive/texmf-dist/tex/latex/amsmath/amsopn.sty
Package: amsopn 2016/03/08 v2.02 operator names
)
\inf@bad=\count191
LaTeX Info: Redefining \frac on input line 227.
\uproot@=\count192
\leftroot@=\count193
LaTeX Info: Redefining \overline on input line 389.
\classnum@=\count194
\DOTSCASE@=\count195
LaTeX Info: Redefining \ldots on input line 486.
LaTeX Info: Redefining \dots on input line 489.
LaTeX Info: Redefining \cdots on input line 610.
\Mathstrutbox@=\box45
\strutbox@=\box46
\big@size=\dimen142
LaTeX Font Info:    Redeclaring font encoding OML on input line 733.
LaTeX Font Info:    Redeclaring font encoding OMS on input line 734.
\macc@depth=\count196
\c@MaxMatrixCols=\count197
\dotsspace@=\muskip17
\c@parentequation=\count198
\dspbrk@lvl=\count199
\tag@help=\toks20
\row@=\count266
\column@=\count267
\maxfields@=\count268
\andhelp@=\toks21
\eqnshift@=\dimen143
\alignsep@=\dimen144
\tagshift@=\dimen145
\tagwidth@=\dimen146
\totwidth@=\dimen147
\lineht@=\dimen148
\@envbody=\toks22
\multlinegap=\skip51
\multlinetaggap=\skip52
\mathdisplay@stack=\toks23
LaTeX Info: Redefining \[ on input line 2859.
LaTeX Info: Redefining \] on input line 2860.
)
(/usr/share/texlive/texmf-dist/tex/latex/amsfonts/amsfonts.sty
Package: amsfonts 2013/01/14 v3.01 Basic AMSFonts support
\symAMSa=\mathgroup4
\symAMSb=\mathgroup5
LaTeX Font Info:    Redeclaring math symbol \hbar on input line 98.
LaTeX Font Info:    Overwriting math alphabet `\mathfrak' in version `bold'
(Font)                  U/euf/m/n --> U/euf/b/n on input line 106.
)
(/usr/share/texlive/texmf-dist/tex/latex/amscls/amsthm.sty
Package: amsthm 2017/10/31 v2.20.4
\thm@style=\toks24
\thm@bodyfont=\toks25
\thm@headfont=\toks26
\thm@notefont=\toks27
\thm@headpunct=\toks28
\thm@preskip=\skip53
\thm@postskip=\skip54
\thm@headsep=\skip55
\dth@everypar=\toks29
)
(/usr/share/texlive/texmf-dist/tex/latex/bbding/bbding.sty
Package: bbding 1999/04/15 v1.01 Dingbats symbols
)
(/usr/share/texlive/texmf-dist/tex/latex/tools/bm.sty
Package: bm 2019/07/24 v1.2d Bold Symbol Support (DPC/FMi)
\symboldoperators=\mathgroup6
\symboldletters=\mathgroup7
\symboldsymbols=\mathgroup8
LaTeX Font Info:    Redeclaring math alphabet \mathbf on input line 141.
LaTeX Info: Redefining \bm on input line 209.
)
(/usr/share/texlive/texmf-dist/tex/latex/graphics/graphicx.sty
Package: graphicx 2019/11/30 v1.2a Enhanced LaTeX Graphics (DPC,SPQR)

(/usr/share/texlive/texmf-dist/tex/latex/graphics/graphics.sty
Package: graphics 2019/11/30 v1.4a Standard LaTeX Graphics (DPC,SPQR)

(/usr/share/texlive/texmf-dist/tex/latex/graphics/trig.sty
Package: trig 2016/01/03 v1.10 sin cos tan (DPC)
)
(/usr/share/texlive/texmf-dist/tex/latex/graphics-cfg/graphics.cfg
File: graphics.cfg 2016/06/04 v1.11 sample graphics configuration
)
Package graphics Info: Driver file: pdftex.def on input line 105.
)
\Gin@req@height=\dimen149
\Gin@req@width=\dimen150
)
(/usr/share/texlive/texmf-dist/tex/latex/fancyvrb/fancyvrb.sty
Package: fancyvrb 2020/01/13 v3.5 verbatim text (tvz,hv)
\FV@CodeLineNo=\count269
\FV@InFile=\read4
\FV@TabBox=\box47
\c@FancyVerbLine=\count270
\FV@StepNumber=\count271
\FV@OutFile=\write4
)
(/usr/share/texlive/texmf-dist/tex/latex/tools/indentfirst.sty
Package: indentfirst 1995/11/23 v1.03 Indent first paragraph (DPC)
)
(/usr/share/texlive/texmf-dist/tex/latex/natbib/natbib.sty
Package: natbib 2010/09/13 8.31b (PWD, AO)
\bibhang=\skip56
\bibsep=\skip57
LaTeX Info: Redefining \cite on input line 694.
\c@NAT@ctr=\count272
)
(/usr/share/texlive/texmf-dist/tex/latex/tocbibind/tocbibind.sty
Package: tocbibind 2010/10/13 v1.5k extra ToC listings
Package tocbibind Info: The document has chapter divisions on input line 50.


Package tocbibind Note: Using chapter style headings, unless overridden.

) (/usr/share/texlive/texmf-dist/tex/latex/was/icomma.sty
Package: icomma 2002/03/10 v2.0 (WaS)
)
(/usr/share/texlive/texmf-dist/tex/latex/tools/dcolumn.sty
Package: dcolumn 2014/10/28 v1.06 decimal alignment package (DPC)

(/usr/share/texlive/texmf-dist/tex/latex/tools/array.sty
Package: array 2019/08/31 v2.4l Tabular extension package (FMi)
\col@sep=\dimen151
\ar@mcellbox=\box48
\extrarowheight=\dimen152
\NC@list=\toks30
\extratabsurround=\skip58
\backup@length=\skip59
\ar@cellbox=\box49
))
(/usr/share/texlive/texmf-dist/tex/latex/booktabs/booktabs.sty
Package: booktabs 2020/01/12 v1.61803398 Publication quality tables
\heavyrulewidth=\dimen153
\lightrulewidth=\dimen154
\cmidrulewidth=\dimen155
\belowrulesep=\dimen156
\belowbottomsep=\dimen157
\aboverulesep=\dimen158
\abovetopsep=\dimen159
\cmidrulesep=\dimen160
\cmidrulekern=\dimen161
\defaultaddspace=\dimen162
\@cmidla=\count273
\@cmidlb=\count274
\@aboverulesep=\dimen163
\@belowrulesep=\dimen164
\@thisruleclass=\count275
\@lastruleclass=\count276
\@thisrulewidth=\dimen165
)
(/usr/share/texlive/texmf-dist/tex/latex/paralist/paralist.sty
Package: paralist 2017/01/22 v2.7 Extended list environments
\pltopsep=\skip60
\plpartopsep=\skip61
\plitemsep=\skip62
\plparsep=\skip63
\pl@lab=\toks31
)
(/usr/share/texlive/texmf-dist/tex/generic/dirtree/dirtree.sty
Package: dirtree 2012/12/11 v0.32 package wrapper for dirtree

(/usr/share/texlive/texmf-dist/tex/generic/dirtree/dirtree.tex
`dirtree' v0.32, 2012/12/11 (jcc)
\DT@offset=\dimen166
\DT@width=\dimen167
\DT@sep=\dimen168
\DT@all=\dimen169
\DT@rulewidth=\dimen170
\DT@dotwidth=\dimen171
\DTbaselineskip=\dimen172
\DT@counti=\count277
\DT@countii=\count278
\DT@countiii=\count279
\DT@countiv=\count280
\DT@indent=\dimen173
\DT@parskip=\dimen174
\DT@baselineskip=\dimen175
)
File: dirtree.tex 2012/12/11 v0.32 `dirtree' (jcc)
)
(/usr/share/texlive/texmf-dist/tex/latex/listings/listings.sty
\lst@mode=\count281
\lst@gtempboxa=\box50
\lst@token=\toks32
\lst@length=\count282
\lst@currlwidth=\dimen176
\lst@column=\count283
\lst@pos=\count284
\lst@lostspace=\dimen177
\lst@width=\dimen178
\lst@newlines=\count285
\lst@lineno=\count286
\lst@maxwidth=\dimen179

(/usr/share/texlive/texmf-dist/tex/latex/listings/lstmisc.sty
File: lstmisc.sty 2019/09/10 1.8c (Carsten Heinz)
\c@lstnumber=\count287
\lst@skipnumbers=\count288
\lst@framebox=\box51
)
(/usr/share/texlive/texmf-dist/tex/latex/listings/listings.cfg
File: listings.cfg 2019/09/10 1.8c listings configuration
))
Package: listings 2019/09/10 1.8c (Carsten Heinz)
Package hyperref Info: Option `unicode' set `true' on input line 122.
Package hyperref Info: Option `breaklinks' set `true' on input line 123.

\@input{makra.aux}
\openout2 = `makra.aux'.

(./makra.tex
\c@veta=\count289
\c@definice=\count290
)
(/usr/share/texlive/texmf-dist/tex/latex/l3backend/l3backend-pdfmode.def
File: l3backend-pdfmode.def 2020-02-03 L3 backend support: PDF mode
\l__kernel_color_stack_int=\count291
\l__pdf_internal_box=\box52
)
(./prace.aux (./titulka.aux) (./uvod.aux) (./kap01.aux) (./kap02.aux

LaTeX Warning: Label `anal.groupby.local' multiply defined.

) (./kap03.aux) (./kap04.aux) (./zaver.aux) (./literatura.aux))
\openout1 = `prace.aux'.

LaTeX Font Info:    Checking defaults for OML/cmm/m/it on input line 129.
LaTeX Font Info:    ... okay on input line 129.
LaTeX Font Info:    Checking defaults for OMS/cmsy/m/n on input line 129.
LaTeX Font Info:    ... okay on input line 129.
LaTeX Font Info:    Checking defaults for OT1/cmr/m/n on input line 129.
LaTeX Font Info:    ... okay on input line 129.
LaTeX Font Info:    Checking defaults for T1/cmr/m/n on input line 129.
LaTeX Font Info:    ... okay on input line 129.
LaTeX Font Info:    Checking defaults for TS1/cmr/m/n on input line 129.
LaTeX Font Info:    ... okay on input line 129.
LaTeX Font Info:    Checking defaults for OMX/cmex/m/n on input line 129.
LaTeX Font Info:    ... okay on input line 129.
LaTeX Font Info:    Checking defaults for U/cmr/m/n on input line 129.
LaTeX Font Info:    ... okay on input line 129.
LaTeX Font Info:    Checking defaults for PD1/pdf/m/n on input line 129.
LaTeX Font Info:    ... okay on input line 129.
LaTeX Font Info:    Checking defaults for PU/pdf/m/n on input line 129.
LaTeX Font Info:    ... okay on input line 129.

ABD: EveryShipout initializing macros
(/usr/share/texlive/texmf-dist/tex/context/base/mkii/supp-pdf.mkii
[Loading MPS to PDF converter (version 2006.09.02).]
\scratchcounter=\count292
\scratchdimen=\dimen180
\scratchbox=\box53
\nofMPsegments=\count293
\nofMParguments=\count294
\everyMPshowfont=\toks33
\MPscratchCnt=\count295
\MPscratchDim=\dimen181
\MPnumerator=\count296
\makeMPintoPDFobject=\count297
\everyMPtoPDFconversion=\toks34
) (/usr/share/texlive/texmf-dist/tex/latex/epstopdf-pkg/epstopdf-base.sty
Package: epstopdf-base 2020-01-24 v2.11 Base part for package epstopdf
Package epstopdf-base Info: Redefining graphics rule for `.eps' on input line 4
85.

(/usr/share/texlive/texmf-dist/tex/latex/latexconfig/epstopdf-sys.cfg
File: epstopdf-sys.cfg 2010/07/13 v1.3 Configuration of (r)epstopdf for TeX Liv
e
))
\AtBeginShipoutBox=\box54
Package hyperref Info: Link coloring OFF on input line 129.

(/usr/share/texlive/texmf-dist/tex/latex/hyperref/nameref.sty
Package: nameref 2019/09/16 v2.46 Cross-referencing by name of section

(/usr/share/texlive/texmf-dist/tex/latex/refcount/refcount.sty
Package: refcount 2019/12/15 v3.6 Data extraction from label references (HO)
)
(/usr/share/texlive/texmf-dist/tex/generic/gettitlestring/gettitlestring.sty
Package: gettitlestring 2019/12/15 v1.6 Cleanup title references (HO)
)
\c@section@level=\count298
)
LaTeX Info: Redefining \ref on input line 129.
LaTeX Info: Redefining \pageref on input line 129.
LaTeX Info: Redefining \nameref on input line 129.

(./prace.out) (./prace.out)
\@outlinefile=\write5
\openout5 = `prace.out'.

\c@lstlisting=\count299
\openout2 = `titulka.aux'.

 (./titulka.tex
Package hyperref Info: Option `pageanchor' set `false' on input line 6.
<../img/logo-cs.pdf, id=453, 506.4591pt x 156.49065pt>
File: ../img/logo-cs.pdf Graphic file (type pdf)
<use ../img/logo-cs.pdf>
Package pdftex.def Info: ../img/logo-cs.pdf  used on input line 10.
(pdftex.def)             Requested size: 472.31573pt x 145.9455pt.
 [1




 <../img/logo-cs.pdf>]
Package hyperref Info: Option `pageanchor' set `true' on input line 55.
 [1

]
[2

] [3

]) (./prace.toc
LaTeX Font Info:    Trying to load font information for OT1+lmr on input line 4
.
 (/usr/share/texmf/tex/latex/lm/ot1lmr.fd
File: ot1lmr.fd 2009/10/30 v1.6 Font defs for Latin Modern
)
LaTeX Font Info:    Trying to load font information for OML+lmm on input line 4
.

(/usr/share/texmf/tex/latex/lm/omllmm.fd
File: omllmm.fd 2009/10/30 v1.6 Font defs for Latin Modern
)
LaTeX Font Info:    Trying to load font information for OMS+lmsy on input line 
4.

(/usr/share/texmf/tex/latex/lm/omslmsy.fd
File: omslmsy.fd 2009/10/30 v1.6 Font defs for Latin Modern
)
LaTeX Font Info:    Trying to load font information for OMX+lmex on input line 
4.

(/usr/share/texmf/tex/latex/lm/omxlmex.fd
File: omxlmex.fd 2009/10/30 v1.6 Font defs for Latin Modern
)
LaTeX Font Info:    External font `lmex10' loaded for size
(Font)              <12> on input line 4.
LaTeX Font Info:    External font `lmex10' loaded for size
(Font)              <8> on input line 4.
LaTeX Font Info:    External font `lmex10' loaded for size
(Font)              <6> on input line 4.
LaTeX Font Info:    Trying to load font information for U+msa on input line 4.

(/usr/share/texlive/texmf-dist/tex/latex/amsfonts/umsa.fd
File: umsa.fd 2013/01/14 v3.01 AMS symbols A
)
LaTeX Font Info:    Trying to load font information for U+msb on input line 4.

(/usr/share/texlive/texmf-dist/tex/latex/amsfonts/umsb.fd
File: umsb.fd 2013/01/14 v3.01 AMS symbols B
) [1



] [2])
\tf@toc=\write6
\openout6 = `prace.toc'.

 [3]
\openout2 = `uvod.aux'.


(./uvod.tex
LaTeX Font Info:    Trying to load font information for TS1+lmr on input line 1
3.
 (/usr/share/texmf/tex/latex/lm/ts1lmr.fd
File: ts1lmr.fd 2009/10/30 v1.6 Font defs for Latin Modern
) [4


]
LaTeX Font Info:    External font `lmex10' loaded for size
(Font)              <10> on input line 54.
LaTeX Font Info:    External font `lmex10' loaded for size
(Font)              <7> on input line 54.
LaTeX Font Info:    External font `lmex10' loaded for size
(Font)              <5> on input line 54.
LaTeX Font Info:    Trying to load font information for T1+lmtt on input line 6
3.

(/usr/share/texmf/tex/latex/lm/t1lmtt.fd
File: t1lmtt.fd 2009/10/30 v1.6 Font defs for Latin Modern
) [5] [6] [7]) [8]
\openout2 = `kap01.aux'.

 (./kap01.tex
Kapitola 1.
[9



]

pdfTeX warning: pdflatex (file ../img/propertyexample.pdf): PDF inclusion: foun
d PDF version <1.7>, but at most version <1.5> allowed
<../img/propertyexample.pdf, id=712, 252.945pt x 213.6783pt>
File: ../img/propertyexample.pdf Graphic file (type pdf)
<use ../img/propertyexample.pdf>
Package pdftex.def Info: ../img/propertyexample.pdf  used on input line 82.
(pdftex.def)             Requested size: 284.52756pt x 240.36139pt.
[10 <../img/propertyexample.pdf>] [11] [12] [13] [14]) [15]
\openout2 = `kap02.aux'.

 (./kap02.tex
Kapitola 2.
[16



] [17] [18] [19] [20] [21] [22] [23

]

pdfTeX warning: pdflatex (file ../img/diaQueryObjects.pdf): PDF inclusion: foun
d PDF version <1.7>, but at most version <1.5> allowed
<../img/diaQueryObjects.pdf, id=839, 313.17pt x 108.405pt>
File: ../img/diaQueryObjects.pdf Graphic file (type pdf)
<use ../img/diaQueryObjects.pdf>
Package pdftex.def Info: ../img/diaQueryObjects.pdf  used on input line 443.
(pdftex.def)             Requested size: 313.16922pt x 108.40472pt.
[24

 <../img/diaQueryObjects.pdf>]

pdfTeX warning: pdflatex (file ../img/diaQueryObjectsCon.pdf): PDF inclusion: f
ound PDF version <1.7>, but at most version <1.5> allowed
<../img/diaQueryObjectsCon.pdf, id=864, 262.0992pt x 17.1039pt>
File: ../img/diaQueryObjectsCon.pdf Graphic file (type pdf)
<use ../img/diaQueryObjectsCon.pdf>
Package pdftex.def Info: ../img/diaQueryObjectsCon.pdf  used on input line 451.

(pdftex.def)             Requested size: 262.09854pt x 17.10384pt.


pdfTeX warning: pdflatex (file ../img/diaQueryObjectsCall.pdf): PDF inclusion: 
found PDF version <1.7>, but at most version <1.5> allowed
<../img/diaQueryObjectsCall.pdf, id=865, 168.63pt x 132.495pt>
File: ../img/diaQueryObjectsCall.pdf Graphic file (type pdf)
<use ../img/diaQueryObjectsCall.pdf>
Package pdftex.def Info: ../img/diaQueryObjectsCall.pdf  used on input line 457
.
(pdftex.def)             Requested size: 168.62958pt x 132.49466pt.
[25

 <../img/diaQueryObjectsCon.pdf> <../img/diaQueryObjectsCall.pdf>] [26

]
[27] [28]

LaTeX Warning: Command \' invalid in math mode on input line 670.

[29]

pdfTeX warning: pdflatex (file ../img/diaQueryObjectsMatchPar.pdf): PDF inclusi
on: found PDF version <1.7>, but at most version <1.5> allowed
<../img/diaQueryObjectsMatchPar.pdf, id=926, 232.9503pt x 293.1753pt>
File: ../img/diaQueryObjectsMatchPar.pdf Graphic file (type pdf)
<use ../img/diaQueryObjectsMatchPar.pdf>
Package pdftex.def Info: ../img/diaQueryObjectsMatchPar.pdf  used on input line
 680.
(pdftex.def)             Requested size: 232.94972pt x 293.17458pt.
[30

 <../img/diaQueryObjectsMatchPar.pdf>] [31] [32] [33] [34] [35]

pdfTeX warning: pdflatex (file ../img/diaGlobalGr.pdf): PDF inclusion: found PD
F version <1.7>, but at most version <1.5> allowed
<../img/diaGlobalGr.pdf, id=980, 225.72331pt x 228.855pt>
File: ../img/diaGlobalGr.pdf Graphic file (type pdf)
<use ../img/diaGlobalGr.pdf>
Package pdftex.def Info: ../img/diaGlobalGr.pdf  used on input line 998.
(pdftex.def)             Requested size: 225.72275pt x 228.85443pt.


pdfTeX warning: pdflatex (file ../img/diaTwoGr.pdf): PDF inclusion: found PDF v
ersion <1.7>, but at most version <1.5> allowed
<../img/diaTwoGr.pdf, id=981, 277.035pt x 228.855pt>
File: ../img/diaTwoGr.pdf Graphic file (type pdf)
<use ../img/diaTwoGr.pdf>
Package pdftex.def Info: ../img/diaTwoGr.pdf  used on input line 1004.
(pdftex.def)             Requested size: 277.03432pt x 228.85443pt.
[36] [37 <../img/diaGlobalGr.pdf> <../img/diaTwoGr.pdf>]

pdfTeX warning: pdflatex (file ../img/diaLocalGr.pdf): PDF inclusion: found PDF
 version <1.7>, but at most version <1.5> allowed
<../img/diaLocalGr.pdf, id=1027, 341.35529pt x 301.125pt>
File: ../img/diaLocalGr.pdf Graphic file (type pdf)
<use ../img/diaLocalGr.pdf>
Package pdftex.def Info: ../img/diaLocalGr.pdf  used on input line 1011.
(pdftex.def)             Requested size: 341.35443pt x 301.12425pt.
[38

 <../img/diaLocalGr.pdf>] [39]

pdfTeX warning: pdflatex (file ../img/diaStreamedResultProcessor.pdf): PDF incl
usion: found PDF version <1.7>, but at most version <1.5> allowed
<../img/diaStreamedResultProcessor.pdf, id=1060, 168.63pt x 103.3461pt>
File: ../img/diaStreamedResultProcessor.pdf Graphic file (type pdf)
<use ../img/diaStreamedResultProcessor.pdf>
Package pdftex.def Info: ../img/diaStreamedResultProcessor.pdf  used on input l
ine 1091.
(pdftex.def)             Requested size: 168.62958pt x 103.34584pt.


pdfTeX warning: pdflatex (file ../img/diaStreamedQueryObjects.pdf): PDF inclusi
on: found PDF version <1.7>, but at most version <1.5> allowed
<../img/diaStreamedQueryObjects.pdf, id=1063, 319.1925pt x 122.3772pt>
File: ../img/diaStreamedQueryObjects.pdf Graphic file (type pdf)
<use ../img/diaStreamedQueryObjects.pdf>
Package pdftex.def Info: ../img/diaStreamedQueryObjects.pdf  used on input line
 1111.
(pdftex.def)             Requested size: 319.19171pt x 122.37688pt.


pdfTeX warning: pdflatex (file ../img/diaStreamedQueryObjectsCon.pdf): PDF incl
usion: found PDF version <1.7>, but at most version <1.5> allowed
<../img/diaStreamedQueryObjectsCon.pdf, id=1064, 262.0992pt x 17.1039pt>
File: ../img/diaStreamedQueryObjectsCon.pdf Graphic file (type pdf)
<use ../img/diaStreamedQueryObjectsCon.pdf>
Package pdftex.def Info: ../img/diaStreamedQueryObjectsCon.pdf  used on input l
ine 1117.
(pdftex.def)             Requested size: 262.09854pt x 17.10384pt.
[40 <../img/diaStreamedResultProcessor.pdf>] [41 <../img/diaStreamedQueryObject
s.pdf> <../img/diaStreamedQueryObjectsCon.pdf>] [42] [43] [44] [45] [46]
[47] [48] [49] [50] [51]) [52]
\openout2 = `kap03.aux'.

 (./kap03.tex
Kapitola 3.
[53



] [54] [55] [56] [57] [58] [59] [60] [61] [62] [63] [64] [65] [66] [67]
[68] [69] [70] [71] [72] [73] [74] [75] [76] [77] [78] [79] [80] [81] [82]
[83] [84] [85] [86]) [87]
\openout2 = `kap04.aux'.

 (./kap04.tex
Kapitola 4.
[88



] [89] [90] [91

] [92] [93] [94] [95]
Overfull \hbox (5.22336pt too wide) in paragraph at lines 482--489
\T1/lmr/m/n/12 pro-hle-dání ur-£ené ar-gu-men-tem [][]\T1/lmtt/m/n/12 VerticesP
erThread[]\T1/lmr/m/n/12 , do-kud se ne-vy-£er-pají v²echny|
 []

[96]

pdfTeX warning: pdflatex (file ../img/amazonMatch.pdf): PDF inclusion: found PD
F version <1.7>, but at most version <1.5> allowed
<../img/amazonMatch.pdf, id=1581, 844.83629pt x 597.432pt>
File: ../img/amazonMatch.pdf Graphic file (type pdf)
<use ../img/amazonMatch.pdf>
Package pdftex.def Info: ../img/amazonMatch.pdf  used on input line 510.
(pdftex.def)             Requested size: 412.56496pt x 291.7506pt.


pdfTeX warning: pdflatex (file ../img/webberkstanMatch.pdf): PDF inclusion: fou
nd PDF version <1.7>, but at most version <1.5> allowed
<../img/webberkstanMatch.pdf, id=1584, 844.83629pt x 597.432pt>
File: ../img/webberkstanMatch.pdf Graphic file (type pdf)
<use ../img/webberkstanMatch.pdf>
Package pdftex.def Info: ../img/webberkstanMatch.pdf  used on input line 516.
(pdftex.def)             Requested size: 412.56496pt x 291.7506pt.


pdfTeX warning: pdflatex (file ../img/skitterMatch.pdf): PDF inclusion: found P
DF version <1.7>, but at most version <1.5> allowed
<../img/skitterMatch.pdf, id=1587, 844.83629pt x 597.432pt>
File: ../img/skitterMatch.pdf Graphic file (type pdf)
<use ../img/skitterMatch.pdf>
Package pdftex.def Info: ../img/skitterMatch.pdf  used on input line 522.
(pdftex.def)             Requested size: 412.56496pt x 291.7506pt.
[97] [98 <../img/amazonMatch.pdf> <../img/webberkstanMatch.pdf>] [99 <../img/sk
itterMatch.pdf>]
LaTeX Font Info:    Font shape `T1/lmtt/bx/n' in size <12> not available
(Font)              Font shape `T1/lmtt/b/n' tried instead on input line 566.


LaTeX Warning: Command \' invalid in math mode on input line 580.


LaTeX Warning: Command \' invalid in math mode on input line 605.

[100]

pdfTeX warning: pdflatex (file ../img/amazonOrderByST.pdf): PDF inclusion: foun
d PDF version <1.7>, but at most version <1.5> allowed
<../img/amazonOrderByST.pdf, id=1665, 844.83629pt x 597.432pt>
File: ../img/amazonOrderByST.pdf Graphic file (type pdf)
<use ../img/amazonOrderByST.pdf>
Package pdftex.def Info: ../img/amazonOrderByST.pdf  used on input line 634.
(pdftex.def)             Requested size: 412.56496pt x 291.7506pt.


pdfTeX warning: pdflatex (file ../img/amazonOrderByPar.pdf): PDF inclusion: fou
nd PDF version <1.7>, but at most version <1.5> allowed
<../img/amazonOrderByPar.pdf, id=1668, 844.83629pt x 597.432pt>
File: ../img/amazonOrderByPar.pdf Graphic file (type pdf)
<use ../img/amazonOrderByPar.pdf>
Package pdftex.def Info: ../img/amazonOrderByPar.pdf  used on input line 639.
(pdftex.def)             Requested size: 412.56496pt x 291.7506pt.


pdfTeX warning: pdflatex (file ../img/webberkstanOrderByST.pdf): PDF inclusion:
 found PDF version <1.7>, but at most version <1.5> allowed
<../img/webberkstanOrderByST.pdf, id=1671, 844.83629pt x 597.432pt>
File: ../img/webberkstanOrderByST.pdf Graphic file (type pdf)
<use ../img/webberkstanOrderByST.pdf>
Package pdftex.def Info: ../img/webberkstanOrderByST.pdf  used on input line 64
5.
(pdftex.def)             Requested size: 412.56496pt x 291.7506pt.


pdfTeX warning: pdflatex (file ../img/webberkstanOrderByPar.pdf): PDF inclusion
: found PDF version <1.7>, but at most version <1.5> allowed
<../img/webberkstanOrderByPar.pdf, id=1674, 844.83629pt x 597.432pt>
File: ../img/webberkstanOrderByPar.pdf Graphic file (type pdf)
<use ../img/webberkstanOrderByPar.pdf>
Package pdftex.def Info: ../img/webberkstanOrderByPar.pdf  used on input line 6
50.
(pdftex.def)             Requested size: 412.56496pt x 291.7506pt.
[101] [102 <../img/amazonOrderByST.pdf> <../img/amazonOrderByPar.pdf>] [103 <..
/img/webberkstanOrderByST.pdf> <../img/webberkstanOrderByPar.pdf>] [104

]

pdfTeX warning: pdflatex (file ../img/amazonGroupByST.pdf): PDF inclusion: foun
d PDF version <1.7>, but at most version <1.5> allowed
<../img/amazonGroupByST.pdf, id=1745, 844.83629pt x 597.432pt>
File: ../img/amazonGroupByST.pdf Graphic file (type pdf)
<use ../img/amazonGroupByST.pdf>
Package pdftex.def Info: ../img/amazonGroupByST.pdf  used on input line 755.
(pdftex.def)             Requested size: 412.56496pt x 291.7506pt.


pdfTeX warning: pdflatex (file ../img/amazonGroupBySTNoAgg.pdf): PDF inclusion:
 found PDF version <1.7>, but at most version <1.5> allowed
<../img/amazonGroupBySTNoAgg.pdf, id=1748, 844.83629pt x 597.432pt>
File: ../img/amazonGroupBySTNoAgg.pdf Graphic file (type pdf)
<use ../img/amazonGroupBySTNoAgg.pdf>
Package pdftex.def Info: ../img/amazonGroupBySTNoAgg.pdf  used on input line 76
0.
(pdftex.def)             Requested size: 412.56496pt x 291.7506pt.


pdfTeX warning: pdflatex (file ../img/webberkstanGroupByST.pdf): PDF inclusion:
 found PDF version <1.7>, but at most version <1.5> allowed
<../img/webberkstanGroupByST.pdf, id=1751, 844.83629pt x 597.432pt>
File: ../img/webberkstanGroupByST.pdf Graphic file (type pdf)
<use ../img/webberkstanGroupByST.pdf>
Package pdftex.def Info: ../img/webberkstanGroupByST.pdf  used on input line 76
6.
(pdftex.def)             Requested size: 412.56496pt x 291.7506pt.


pdfTeX warning: pdflatex (file ../img/webberkstanGroupBySTNoAgg.pdf): PDF inclu
sion: found PDF version <1.7>, but at most version <1.5> allowed
<../img/webberkstanGroupBySTNoAgg.pdf, id=1754, 844.83629pt x 597.432pt>
File: ../img/webberkstanGroupBySTNoAgg.pdf Graphic file (type pdf)
<use ../img/webberkstanGroupBySTNoAgg.pdf>
Package pdftex.def Info: ../img/webberkstanGroupBySTNoAgg.pdf  used on input li
ne 771.
(pdftex.def)             Requested size: 412.56496pt x 291.7506pt.


pdfTeX warning: pdflatex (file ../img/skitterGroupByST.pdf): PDF inclusion: fou
nd PDF version <1.7>, but at most version <1.5> allowed
<../img/skitterGroupByST.pdf, id=1757, 844.83629pt x 597.432pt>
File: ../img/skitterGroupByST.pdf Graphic file (type pdf)
<use ../img/skitterGroupByST.pdf>
Package pdftex.def Info: ../img/skitterGroupByST.pdf  used on input line 777.
(pdftex.def)             Requested size: 412.56496pt x 291.7506pt.


pdfTeX warning: pdflatex (file ../img/skitterGroupBySTNoAgg.pdf): PDF inclusion
: found PDF version <1.7>, but at most version <1.5> allowed
<../img/skitterGroupBySTNoAgg.pdf, id=1760, 844.83629pt x 597.432pt>
File: ../img/skitterGroupBySTNoAgg.pdf Graphic file (type pdf)
<use ../img/skitterGroupBySTNoAgg.pdf>
Package pdftex.def Info: ../img/skitterGroupBySTNoAgg.pdf  used on input line 7
82.
(pdftex.def)             Requested size: 412.56496pt x 291.7506pt.
[105] [106 <../img/amazonGroupByST.pdf> <../img/amazonGroupBySTNoAgg.pdf>]
[107 <../img/webberkstanGroupByST.pdf> <../img/webberkstanGroupBySTNoAgg.pdf>]
[108 <../img/skitterGroupByST.pdf> <../img/skitterGroupBySTNoAgg.pdf>] [109

]
[110]

pdfTeX warning: pdflatex (file ../img/amazonGroupByPar.pdf): PDF inclusion: fou
nd PDF version <1.7>, but at most version <1.5> allowed
<../img/amazonGroupByPar.pdf, id=1865, 844.83629pt x 597.432pt>
File: ../img/amazonGroupByPar.pdf Graphic file (type pdf)
<use ../img/amazonGroupByPar.pdf>
Package pdftex.def Info: ../img/amazonGroupByPar.pdf  used on input line 955.
(pdftex.def)             Requested size: 412.56496pt x 291.7506pt.


pdfTeX warning: pdflatex (file ../img/amazonGroupByParNoAgg.pdf): PDF inclusion
: found PDF version <1.7>, but at most version <1.5> allowed
<../img/amazonGroupByParNoAgg.pdf, id=1868, 844.83629pt x 597.432pt>
File: ../img/amazonGroupByParNoAgg.pdf Graphic file (type pdf)
<use ../img/amazonGroupByParNoAgg.pdf>
Package pdftex.def Info: ../img/amazonGroupByParNoAgg.pdf  used on input line 9
60.
(pdftex.def)             Requested size: 412.56496pt x 291.7506pt.


pdfTeX warning: pdflatex (file ../img/webberkstanGroupByPar.pdf): PDF inclusion
: found PDF version <1.7>, but at most version <1.5> allowed
<../img/webberkstanGroupByPar.pdf, id=1871, 844.83629pt x 597.432pt>
File: ../img/webberkstanGroupByPar.pdf Graphic file (type pdf)
<use ../img/webberkstanGroupByPar.pdf>
Package pdftex.def Info: ../img/webberkstanGroupByPar.pdf  used on input line 9
66.
(pdftex.def)             Requested size: 412.56496pt x 291.7506pt.


pdfTeX warning: pdflatex (file ../img/webberkstanGroupByParNoAgg.pdf): PDF incl
usion: found PDF version <1.7>, but at most version <1.5> allowed
<../img/webberkstanGroupByParNoAgg.pdf, id=1874, 844.83629pt x 597.432pt>
File: ../img/webberkstanGroupByParNoAgg.pdf Graphic file (type pdf)
<use ../img/webberkstanGroupByParNoAgg.pdf>
Package pdftex.def Info: ../img/webberkstanGroupByParNoAgg.pdf  used on input l
ine 971.
(pdftex.def)             Requested size: 412.56496pt x 291.7506pt.


pdfTeX warning: pdflatex (file ../img/skitterGroupByPar.pdf): PDF inclusion: fo
und PDF version <1.7>, but at most version <1.5> allowed
<../img/skitterGroupByPar.pdf, id=1877, 844.83629pt x 597.432pt>
File: ../img/skitterGroupByPar.pdf Graphic file (type pdf)
<use ../img/skitterGroupByPar.pdf>
Package pdftex.def Info: ../img/skitterGroupByPar.pdf  used on input line 977.
(pdftex.def)             Requested size: 412.56496pt x 291.7506pt.


pdfTeX warning: pdflatex (file ../img/skitterGroupByParNoAgg.pdf): PDF inclusio
n: found PDF version <1.7>, but at most version <1.5> allowed
<../img/skitterGroupByParNoAgg.pdf, id=1880, 844.83629pt x 597.432pt>
File: ../img/skitterGroupByParNoAgg.pdf Graphic file (type pdf)
<use ../img/skitterGroupByParNoAgg.pdf>
Package pdftex.def Info: ../img/skitterGroupByParNoAgg.pdf  used on input line 
982.
(pdftex.def)             Requested size: 412.56496pt x 291.7506pt.
[111] [112 <../img/amazonGroupByPar.pdf> <../img/amazonGroupByParNoAgg.pdf>]
[113 <../img/webberkstanGroupByPar.pdf> <../img/webberkstanGroupByParNoAgg.pdf>
] [114 <../img/skitterGroupByPar.pdf> <../img/skitterGroupByParNoAgg.pdf>]

pdfTeX warning: pdflatex (file ../img/amazonGroupByQ1ST.pdf): PDF inclusion: fo
und PDF version <1.7>, but at most version <1.5> allowed
<../img/amazonGroupByQ1ST.pdf, id=1957, 597.432pt x 421.09319pt>
File: ../img/amazonGroupByQ1ST.pdf Graphic file (type pdf)
<use ../img/amazonGroupByQ1ST.pdf>
Package pdftex.def Info: ../img/amazonGroupByQ1ST.pdf  used on input line 1006.

(pdftex.def)             Requested size: 167.08653pt x 117.77034pt.


pdfTeX warning: pdflatex (file ../img/amazonGroupByQ1Par.pdf): PDF inclusion: f
ound PDF version <1.7>, but at most version <1.5> allowed
<../img/amazonGroupByQ1Par.pdf, id=1960, 597.432pt x 421.09319pt>
File: ../img/amazonGroupByQ1Par.pdf Graphic file (type pdf)
<use ../img/amazonGroupByQ1Par.pdf>
Package pdftex.def Info: ../img/amazonGroupByQ1Par.pdf  used on input line 1012
.
(pdftex.def)             Requested size: 167.08653pt x 117.77034pt.


pdfTeX warning: pdflatex (file ../img/webberkstanGroupByQ1ST.pdf): PDF inclusio
n: found PDF version <1.7>, but at most version <1.5> allowed
<../img/webberkstanGroupByQ1ST.pdf, id=1963, 597.432pt x 421.09319pt>
File: ../img/webberkstanGroupByQ1ST.pdf Graphic file (type pdf)
<use ../img/webberkstanGroupByQ1ST.pdf>
Package pdftex.def Info: ../img/webberkstanGroupByQ1ST.pdf  used on input line 
1022.
(pdftex.def)             Requested size: 167.08653pt x 117.77034pt.


pdfTeX warning: pdflatex (file ../img/webberkstanGroupByQ1Par.pdf): PDF inclusi
on: found PDF version <1.7>, but at most version <1.5> allowed
<../img/webberkstanGroupByQ1Par.pdf, id=1966, 597.432pt x 421.09319pt>
File: ../img/webberkstanGroupByQ1Par.pdf Graphic file (type pdf)
<use ../img/webberkstanGroupByQ1Par.pdf>
Package pdftex.def Info: ../img/webberkstanGroupByQ1Par.pdf  used on input line
 1028.
(pdftex.def)             Requested size: 167.08653pt x 117.77034pt.
[115 <../img/amazonGroupByQ1ST.pdf> <../img/amazonGroupByQ1Par.pdf> <../img/web
berkstanGroupByQ1ST.pdf> <../img/webberkstanGroupByQ1Par.pdf>]

pdfTeX warning: pdflatex (file ../img/skitterGroupByQ1ST.pdf): PDF inclusion: f
ound PDF version <1.7>, but at most version <1.5> allowed
<../img/skitterGroupByQ1ST.pdf, id=2008, 597.432pt x 421.09319pt>
File: ../img/skitterGroupByQ1ST.pdf Graphic file (type pdf)
<use ../img/skitterGroupByQ1ST.pdf>
Package pdftex.def Info: ../img/skitterGroupByQ1ST.pdf  used on input line 1038
.
(pdftex.def)             Requested size: 167.08653pt x 117.77034pt.

Underfull \hbox (badness 1024) in paragraph at lines 1039--1039
\T1/lmr/m/n/12 G_Q1 pro graf As-Skitter (sekce
 []



pdfTeX warning: pdflatex (file ../img/skitterGroupByQ1Par.pdf): PDF inclusion: 
found PDF version <1.7>, but at most version <1.5> allowed
<../img/skitterGroupByQ1Par.pdf, id=2011, 597.432pt x 421.09319pt>
File: ../img/skitterGroupByQ1Par.pdf Graphic file (type pdf)
<use ../img/skitterGroupByQ1Par.pdf>
Package pdftex.def Info: ../img/skitterGroupByQ1Par.pdf  used on input line 104
4.
(pdftex.def)             Requested size: 167.08653pt x 117.77034pt.

Underfull \hbox (badness 1024) in paragraph at lines 1045--1045
\T1/lmr/m/n/12 G_Q1 pro graf As-Skitter (sekce
 []

) [116

 <../img/skitterGroupByQ1ST.pdf> <../img/skitterGroupByQ1Par.pdf>]
\openout2 = `zaver.aux'.


(./zaver.tex [117



] [118]) [119]
\openout2 = `literatura.aux'.

 (./literatura.tex (./prace.bbl
Underfull \hbox (badness 1824) in paragraph at lines 37--45
\T1/lmr/m/n/12 ter's thesis, KTH, School of In-for-mation and Com-mu-ni-cation 
Tech-
 []


Underfull \hbox (badness 4181) in paragraph at lines 37--45
\T1/lmr/m/n/12 no-logy (ICT), 2015.  []$\T1/lmtt/m/n/12 http : / / kth . diva-[
]portal . org / smash / record .
 []


Underfull \hbox (badness 10000) in paragraph at lines 37--45
\T1/lmtt/m/n/12 jsf ? pid = diva2 % 3A830662 & dswid = -[]2589$[]\T1/lmr/m/n/12
 , OAI=oai:DiVA.org:kth-170425,
 []


Underfull \hbox (badness 10000) in paragraph at lines 57--61
\T1/lmr/m/n/12 urlhttps://ci.apache.org/projects/flink/flink-docs-release-
 []

[120



]
Underfull \hbox (badness 1365) in paragraph at lines 128--131
[]\T1/lmr/m/it/12 Dokumentace ja-zyka C# pro .NET Fra-mework 4.8\T1/lmr/m/n/12 
.  []$\T1/lmtt/m/n/12 https : / / docs .
 []


Underfull \hbox (badness 6658) in paragraph at lines 128--131
\T1/lmtt/m/n/12 microsoft . com / en-[]us / dotnet / csharp/$[] \T1/lmr/m/n/12 
[Do-stup-nost ov¥-°ena k datu
 []

)) [121] (./prace.lof
Overfull \hbox (2.26485pt too wide) in paragraph at lines 6--6
 [][] [][]\T1/lmr/m/n/12 Propojení ob-jekt· po-mocí po-loºky \T1/lmtt/m/n/12 ne
xt \T1/lmr/m/n/12 pro do-taz \T1/lmtt/m/n/12 select x match |
 []


Overfull \hbox (1.28775pt too wide) in paragraph at lines 14--14
 \T1/lmtt/m/n/12 select x match (x) order by x\T1/lmr/m/n/12 . Plná ²ipka zná-z
or-¬uje p·-vodní |
 []


Overfull \hbox (15.70918pt too wide) in paragraph at lines 27--27
 [][] [][]\T1/lmr/m/n/12 Doba vy-ko-nání do-taz· \T1/lmr/m/it/12 Group by \T1/l
mr/m/n/12 bez agr. funkcí pro graf WebBerkStan |
 []

[122


]
Overfull \hbox (15.70918pt too wide) in paragraph at lines 33--33
 [][] [][]\T1/lmr/m/n/12 Doba vy-ko-nání do-taz· \T1/lmr/m/it/12 Group by \T1/l
mr/m/n/12 bez agr. funkcí pro graf WebBerkStan |
 []

)
\tf@lof=\write7
\openout7 = `prace.lof'.

 [123] (./prace.lot
Overfull \hbox (19.95248pt too wide) in paragraph at lines 6--6
 [][] [][]\T1/lmr/m/n/12 Výsledky testu stavby struk-tur v sekun-dách \T1/lmtt/
m/n/12 SortedSet \T1/lmr/m/n/12 v·£i $\OT1/lmr/m/n/12 (128\OML/lmm/m/it/12 ; \O
T1/lmr/m/n/12 256)$\T1/lmr/m/n/12 - |
 []

)
\tf@lot=\write8
\openout8 = `prace.lot'.

 [124

] [125

]
P\v {r}\'{\i }loha A.
(./prilohy-prvnistrana.tex) [126

]
Package atveryend Info: Empty hook `BeforeClearDocument' on input line 181.
Package atveryend Info: Empty hook `AfterLastShipout' on input line 181.
 (./prace.aux (./titulka.aux) (./uvod.aux)
(./kap01.aux) (./kap02.aux) (./kap03.aux) (./kap04.aux) (./zaver.aux)
(./literatura.aux))
Package atveryend Info: Executing hook `AtVeryEndDocument' on input line 181.
Package atveryend Info: Executing hook `AtEndAfterFileList' on input line 181.
Package rerunfilecheck Info: File `prace.out' has not changed.
(rerunfilecheck)             Checksum: C5348F8F743B098606E5F8BC9AF52230;19409.


LaTeX Warning: There were multiply-defined labels.

Package atveryend Info: Empty hook `AtVeryVeryEnd' on input line 181.
 ) 
Here is how much of TeX's memory you used:
 17801 strings out of 481239
 253145 string characters out of 5920376
 500931 words of memory out of 5000000
 32118 multiletter control sequences out of 15000+600000
 630689 words of font info for 95 fonts, out of 8000000 for 9000
 1141 hyphenation exceptions out of 8191
 44i,11n,41p,502b,2341s stack positions out of 5000i,500n,10000p,200000b,80000s
{/usr/share/texmf/fonts/enc/dvips/lm/lm-ec.enc}{/usr/share/texmf/fonts/enc/dv
ips/lm/lm-mathit.enc}{/usr/share/texmf/fonts/enc/dvips/lm/lm-mathsy.enc}{/usr/s
hare/texmf/fonts/enc/dvips/lm/lm-rm.enc}{/usr/share/texmf/fonts/enc/dvips/lm/lm
-ts1.enc}</usr/share/texmf/fonts/type1/public/lm/lmbx12.pfb></usr/share/texmf/f
onts/type1/public/lm/lmmi10.pfb></usr/share/texmf/fonts/type1/public/lm/lmmi12.
pfb></usr/share/texmf/fonts/type1/public/lm/lmmi8.pfb></usr/share/texmf/fonts/t
ype1/public/lm/lmr10.pfb></usr/share/texmf/fonts/type1/public/lm/lmr12.pfb></us
r/share/texmf/fonts/type1/public/lm/lmr17.pfb></usr/share/texmf/fonts/type1/pub
lic/lm/lmr7.pfb></usr/share/texmf/fonts/type1/public/lm/lmr8.pfb></usr/share/te
xmf/fonts/type1/public/lm/lmri10.pfb></usr/share/texmf/fonts/type1/public/lm/lm
ri12.pfb></usr/share/texmf/fonts/type1/public/lm/lmsy10.pfb></usr/share/texmf/f
onts/type1/public/lm/lmsy8.pfb></usr/share/texmf/fonts/type1/public/lm/lmtk10.p
fb></usr/share/texmf/fonts/type1/public/lm/lmtt10.pfb></usr/share/texmf/fonts/t
ype1/public/lm/lmtt12.pfb>
Output written on prace.pdf (130 pages, 2116238 bytes).
PDF statistics:
 2429 PDF objects out of 2487 (max. 8388607)
 2044 compressed objects within 21 object streams
 502 named destinations out of 1000 (max. 500000)
 1086 words of extra memory for PDF output out of 10000 (max. 10000000)

