\BOOKMARK [0][-]{chapter*.2}{\376\377\000\332\000v\000o\000d}{}% 1
\BOOKMARK [0][-]{chapter.1}{\376\377\000P\000o\001\176\000a\000d\000a\000v\000k\000y}{}% 2
\BOOKMARK [1][-]{section.1.1}{\376\377\000P\000r\000o\000p\000e\000r\000t\000y\000\040\000g\000r\000a\000f}{chapter.1}% 3
\BOOKMARK [1][-]{section.1.2}{\376\377\000P\000G\000Q\000L}{chapter.1}% 4
\BOOKMARK [1][-]{section.1.3}{\376\377\000P\000a\000r\000a\000l\000e\000l\000i\000s\000m\000u\000s}{chapter.1}% 5
\BOOKMARK [0][-]{chapter.2}{\376\377\000A\000n\000a\000l\000\375\000z\000a}{}% 6
\BOOKMARK [1][-]{section.2.1}{\376\377\000O\000b\000e\000c\000n\000\375\000\040\000p\000o\000h\000l\000e\000d\000\040\000n\000a\000\040\000e\000n\000g\000i\000n\000e}{chapter.2}% 7
\BOOKMARK [1][-]{section.2.2}{\376\377\000R\000e\000p\000r\000e\000z\000e\000n\000t\000a\000c\000e\000\040\000g\000r\000a\000f\000u}{chapter.2}% 8
\BOOKMARK [2][-]{subsection.2.2.1}{\376\377\000E\000l\000e\000m\000e\000n\000t\000y\000\040\000g\000r\000a\000f\000u\000\040\000a\000\040\000j\000e\000j\000i\000c\000h\000\040\000t\000y\000p}{section.2.2}% 9
\BOOKMARK [2][-]{subsection.2.2.2}{\376\377\000S\000t\000r\000u\000k\000t\000u\000r\000y\000\040\000o\000b\000s\000a\000h\000u\000j\000\355\000c\000\355\000\040\000e\000l\000e\000m\000e\000n\000t\000y}{section.2.2}% 10
\BOOKMARK [2][-]{subsection.2.2.3}{\376\377\000V\000s\000t\000u\000p\000n\000\355\000\040\000g\000r\000a\000f\000o\000v\000\341\000\040\000d\000a\000t\000a}{section.2.2}% 11
\BOOKMARK [1][-]{section.2.3}{\376\377\000P\000a\000r\000s\000o\000v\000\341\000n\000\355\000\040\000u\001\176\000i\000v\000a\000t\000e\000l\000s\000k\000\351\000h\000o\000\040\000d\000o\000t\000a\000z\000u}{chapter.2}% 12
\BOOKMARK [2][-]{subsection.2.3.1}{\376\377\000M\000a\000t\000c\000h\000\040\000a\000\040\000p\000r\000o\000m\001\033\000n\000n\000\351}{section.2.3}% 13
\BOOKMARK [2][-]{subsection.2.3.2}{\376\377\000S\000e\000l\000e\000c\000t\000,\000\040\000O\000r\000d\000e\000r\000/\000G\000r\000o\000u\000p\000\040\000b\000y}{section.2.3}% 14
\BOOKMARK [2][-]{subsection.2.3.3}{\376\377\000E\000x\000p\000r\000e\000s\000s\000i\000o\000n\000s}{section.2.3}% 15
\BOOKMARK [1][-]{section.2.4}{\376\377\000V\000y\000k\000o\000n\000\341\000n\000\355\000\040\000d\000o\000t\000a\000z\000u}{chapter.2}% 16
\BOOKMARK [2][-]{subsection.2.4.1}{\376\377\000P\000a\000r\000a\000l\000e\000l\000i\000z\000a\000c\000e\000\040\000v\000y\000k\000o\000n\000\341\000n\000\355\000\040\000d\000o\000t\000a\000z\000u}{section.2.4}% 17
\BOOKMARK [2][-]{subsection.2.4.2}{\376\377\000F\000o\000r\000m\000\341\000t\000\040\000v\000\375\000s\000l\000e\000d\000k\001\157}{section.2.4}% 18
\BOOKMARK [2][-]{subsection.2.4.3}{\376\377\000P\000r\000o\000x\000y\000\040\000t\001\131\000\355\000d\000a\000\040\000j\000a\000k\000o\000\040\001\131\000\341\000d\000e\000k\000\040\000t\000a\000b\000u\000l\000k\000y}{section.2.4}% 19
\BOOKMARK [1][-]{section.2.5}{\376\377\000M\000a\000t\000c\000h\000\040\000a\000\040\000p\000r\000o\000h\000l\000e\000d\000\341\000v\000\341\000n\000\355\000\040\000g\000r\000a\000f\000u}{chapter.2}% 20
\BOOKMARK [2][-]{subsection.2.5.1}{\376\377\000B\000F\000S\000\040\000v\000s\000\040\000D\000F\000S}{section.2.5}% 21
\BOOKMARK [2][-]{subsection.2.5.2}{\376\377\000H\000l\000e\000d\000a\000n\000\375\000\040\000v\000z\000o\000r}{section.2.5}% 22
\BOOKMARK [2][-]{subsection.2.5.3}{\376\377\000P\000r\001\157\000b\001\033\000h\000\040\000h\000l\000e\000d\000\341\000n\000\355}{section.2.5}% 23
\BOOKMARK [2][-]{subsection.2.5.4}{\376\377\000P\000a\000r\000a\000l\000e\000l\000i\000z\000a\000c\000e\000\040\000h\000l\000e\000d\000\341\000n\000\355}{section.2.5}% 24
\BOOKMARK [2][-]{subsection.2.5.5}{\376\377\000M\000e\000r\000g\000e\000\040\000v\000\375\000s\000l\000e\000d\000k\001\157\000\040\000h\000l\000e\000d\000\341\000n\000\355}{section.2.5}% 25
\BOOKMARK [1][-]{section.2.6}{\376\377\000O\000r\000d\000e\000r\000\040\000b\000y}{chapter.2}% 26
\BOOKMARK [2][-]{subsection.2.6.1}{\376\377\000V\000\375\000b\001\033\000r\000\040\000a\000l\000g\000o\000r\000i\000t\000m\001\157\000\040\000a\000\040\000p\000a\000r\000a\000l\000e\000l\000i\000z\000a\000c\000e}{section.2.6}% 27
\BOOKMARK [2][-]{subsection.2.6.2}{\376\377\000Q\000u\000i\000c\000k\000\040\000s\000o\000r\000t\000\040\000v\000s\000\040\000M\000e\000r\000g\000e\000\040\000s\000o\000r\000t}{section.2.6}% 28
\BOOKMARK [2][-]{subsection.2.6.3}{\376\377\000T\001\131\000\355\000d\001\033\000n\000\355\000\040\000p\000o\000m\000o\000c\000\355\000\040\000i\000n\000d\000e\000x\001\157}{section.2.6}% 29
\BOOKMARK [2][-]{subsection.2.6.4}{\376\377\000O\000p\000t\000i\000m\000a\000l\000i\000z\000a\000c\000e\000\040\000p\000o\000r\000o\000v\000n\000\341\000n\000\355\000\040\000P\000r\000o\000p\000e\000r\000t\000y\000\040\000h\000o\000d\000n\000o\000t}{section.2.6}% 30
\BOOKMARK [2][-]{subsection.2.6.5}{\376\377\000O\000p\000t\000i\000m\000a\000l\000i\000z\000a\000c\000e\000\040\000p\000o\000r\000o\000v\000n\000\341\000n\000\355\000\040\000s\000t\000e\000j\000n\000\375\000c\000h\000\040\000e\000l\000e\000m\000e\000n\000t\001\157}{section.2.6}% 31
\BOOKMARK [2][-]{subsection.2.6.6}{\376\377\000O\000p\000t\000i\000m\000a\000l\000i\000z\000a\000c\000e\000\040\000v\000\040\000p\000a\000r\000a\000l\000e\000l\000n\000\355\000m\000\040\000p\000r\000o\000s\000t\001\131\000e\000n\000\355}{section.2.6}% 32
\BOOKMARK [1][-]{section.2.7}{\376\377\000G\000r\000o\000u\000p\000\040\000b\000y}{chapter.2}% 33
\BOOKMARK [2][-]{subsection.2.7.1}{\376\377\000M\000\363\000d\000y\000\040\000G\000r\000o\000u\000p\000\040\000b\000y}{section.2.7}% 34
\BOOKMARK [2][-]{subsection.2.7.2}{\376\377\000\332\000l\000o\001\176\000i\001\141\000t\001\033\000\040\000m\000e\000z\000i\000v\000\375\000s\000l\000e\000d\000k\001\157\000\040\000a\000g\000r\000e\000g\000a\001\015\000n\000\355\000c\000h\000\040\000f\000u\000n\000k\000c\000\355}{section.2.7}% 35
\BOOKMARK [2][-]{subsection.2.7.3}{\376\377\000L\000o\000g\000i\000k\000a\000\040\000a\000g\000r\000e\000g\000a\001\015\000n\000\355\000c\000h\000\040\000f\000u\000n\000k\000c\000\355}{section.2.7}% 36
\BOOKMARK [2][-]{subsection.2.7.4}{\376\377\000S\000i\000n\000g\000l\000e\000\040\000t\000h\000r\000e\000a\000d\000\040\000z\000p\000r\000a\000c\000o\000v\000\341\000n\000\355}{section.2.7}% 37
\BOOKMARK [2][-]{subsection.2.7.5}{\376\377\000O\000p\000t\000i\000m\000a\000l\000i\000z\000a\000c\000e\000\040\000p\001\131\000i\000\040\000v\000\375\000p\000o\001\015\000t\000u\000\040\000h\000a\000s\000h\000\040\000h\000o\000d\000n\000o\000t\000y}{section.2.7}% 38
\BOOKMARK [2][-]{subsection.2.7.6}{\376\377\000P\000a\000r\000a\000l\000e\000l\000n\000\355\000\040\000z\000p\000r\000a\000c\000o\000v\000\341\000n\000\355}{section.2.7}% 39
\BOOKMARK [2][-]{subsection.2.7.7}{\376\377\000T\000h\000r\000e\000a\000d\000-\000s\000a\000f\000e\000\040\000a\000g\000r\000e\000g\000a\001\015\000n\000\355\000\040\000f\000u\000n\000k\000c\000e}{section.2.7}% 40
\BOOKMARK [2][-]{subsection.2.7.8}{\376\377\000G\000l\000o\000b\000a\000l\000\040\000G\000r\000o\000u\000p\000\040\000b\000y}{section.2.7}% 41
\BOOKMARK [2][-]{subsection.2.7.9}{\376\377\000T\000w\000o\000-\000s\000t\000e\000p\000\040\000G\000r\000o\000u\000p\000\040\000b\000y}{section.2.7}% 42
\BOOKMARK [2][-]{subsection.2.7.10}{\376\377\000L\000o\000c\000a\000l\000\040\000+\000\040\0002\000-\000w\000a\000y\000\040\000m\000e\000r\000g\000e\000\040\000G\000r\000o\000u\000p\000\040\000b\000y}{section.2.7}% 43
\BOOKMARK [2][-]{subsection.2.7.11}{\376\377\000P\000a\000r\000a\000l\000e\000l\000i\000z\000a\000c\000e\000\040\000S\000i\000n\000g\000l\000e\000\040\000g\000r\000o\000u\000p\000\040\000G\000r\000o\000u\000p\000\040\000b\000y}{section.2.7}% 44
\BOOKMARK [1][-]{section.2.8}{\376\377\000V\000y\000l\000e\000p\001\141\000e\000n\000\355\000\040\001\015\000\341\000s\000t\000\355\000\040\000G\000r\000o\000u\000p\000/\000O\000r\000d\000e\000r\000\040\000b\000y}{chapter.2}% 45
\BOOKMARK [0][-]{chapter.3}{\376\377\000I\000m\000p\000l\000e\000m\000e\000n\000t\000a\000c\000e}{}% 46
\BOOKMARK [0][-]{chapter.4}{\376\377\000E\000x\000p\000e\000r\000i\000m\000e\000n\000t}{}% 47
\BOOKMARK [1][-]{section.4.1}{\376\377\000P\001\131\000\355\000p\000r\000a\000v\000a\000\040\000d\000a\000t}{chapter.4}% 48
\BOOKMARK [2][-]{subsection.4.1.1}{\376\377\000T\000r\000a\000n\000s\000f\000o\000r\000m\000a\000c\000e\000\040\000g\000r\000a\000f\000o\000v\000\375\000c\000h\000\040\000d\000a\000t}{section.4.1}% 49
\BOOKMARK [2][-]{subsection.4.1.2}{\376\377\000G\000e\000n\000e\000r\000o\000v\000\341\000n\000\355\000\040\000P\000r\000o\000p\000e\000r\000t\000i\000e\000s\000\040\000v\000r\000c\000h\000o\000l\001\157}{section.4.1}% 50
\BOOKMARK [1][-]{section.4.2}{\376\377\000V\000\375\000b\001\033\000r\000\040\000d\000o\000t\000a\000z\001\157}{chapter.4}% 51
\BOOKMARK [2][-]{subsection.4.2.1}{\376\377\000D\000o\000t\000a\000z\000y\000\040\000M\000a\000t\000c\000h}{section.4.2}% 52
\BOOKMARK [2][-]{subsection.4.2.2}{\376\377\000D\000o\000t\000a\000z\000y\000\040\000O\000r\000d\000e\000r\000\040\000b\000y}{section.4.2}% 53
\BOOKMARK [2][-]{subsection.4.2.3}{\376\377\000D\000o\000t\000a\000z\000y\000\040\000G\000r\000o\000u\000p\000\040\000b\000y}{section.4.2}% 54
\BOOKMARK [1][-]{section.4.3}{\376\377\000M\000e\000t\000o\000d\000i\000k\000a}{chapter.4}% 55
\BOOKMARK [2][-]{subsection.4.3.1}{\376\377\000V\000o\000l\000i\000t\000e\000l\000n\000\351\000\040\000a\000r\000g\000u\000m\000e\000n\000t\000y\000\040\000k\000o\000n\000s\000t\000r\000u\000k\000t\000o\000r\000u\000\040\000d\000o\000t\000a\000z\000u}{section.4.3}% 56
\BOOKMARK [2][-]{subsection.4.3.2}{\376\377\000H\000a\000r\000d\000w\000a\000r\000o\000v\000\341\000\040\000s\000p\000e\000c\000i\000f\000i\000k\000a\000c\000e}{section.4.3}% 57
\BOOKMARK [2][-]{subsection.4.3.3}{\376\377\000P\001\131\000\355\000p\000r\000a\000v\000a\000\040\000h\000a\000r\000d\000w\000a\000r\000u}{section.4.3}% 58
\BOOKMARK [2][-]{subsection.4.3.4}{\376\377\000P\001\131\000e\000k\000l\000a\000d}{section.4.3}% 59
\BOOKMARK [1][-]{section.4.4}{\376\377\000V\000\375\000s\000l\000e\000d\000k\000y}{chapter.4}% 60
\BOOKMARK [2][-]{subsection.4.4.1}{\376\377\000M\000a\000t\000c\000h}{section.4.4}% 61
\BOOKMARK [2][-]{subsection.4.4.2}{\376\377\000O\000r\000d\000e\000r\000\040\000b\000y}{section.4.4}% 62
\BOOKMARK [2][-]{subsection.4.4.3}{\376\377\000G\000r\000o\000u\000p\000\040\000b\000y}{section.4.4}% 63
\BOOKMARK [0][-]{chapter.5}{\376\377\000Z\000\341\000v\001\033\000r}{}% 64
\BOOKMARK [1][-]{section.5.1}{\376\377\000B\000u\000d\000o\000u\000c\000\355\000\040\000v\000\375\000z\000k\000u\000m}{chapter.5}% 65
\BOOKMARK [0][-]{chapter*.3}{\376\377\000S\000e\000z\000n\000a\000m\000\040\000p\000o\000u\001\176\000i\000t\000\351\000\040\000l\000i\000t\000e\000r\000a\000t\000u\000r\000y}{}% 66
\BOOKMARK [0][-]{chapter*.4}{\376\377\000S\000e\000z\000n\000a\000m\000\040\000o\000b\000r\000\341\000z\000k\001\157}{}% 67
\BOOKMARK [0][-]{chapter*.5}{\376\377\000S\000e\000z\000n\000a\000m\000\040\000t\000a\000b\000u\000l\000e\000k}{}% 68
\BOOKMARK [0][-]{chapter*.6}{\376\377\000S\000e\000z\000n\000a\000m\000\040\000p\000o\000u\001\176\000i\000t\000\375\000c\000h\000\040\000z\000k\000r\000a\000t\000e\000k}{}% 69
\BOOKMARK [0][-]{appendix.A}{\376\377\000P\001\131\000\355\000l\000o\000h\000y}{}% 70
\BOOKMARK [1][-]{section.A.1}{\376\377\000Z\000d\000r\000o\000j\000o\000v\000\351\000\040\000k\000\363\000d\000y}{appendix.A}% 71
\BOOKMARK [1][-]{section.A.2}{\376\377\000O\000n\000l\000i\000n\000e\000\040\000G\000i\000t\000\040\000r\000e\000p\000o\000z\000i\000t\000\341\001\131}{appendix.A}% 72
\BOOKMARK [1][-]{section.A.3}{\376\377\000P\000o\000u\001\176\000i\000t\000\351\000\040\000g\000r\000a\000f\000y\000\040\000p\001\131\000i\000\040\000e\000x\000p\000e\000r\000i\000m\000e\000n\000t\000u}{appendix.A}% 73
\BOOKMARK [1][-]{section.A.4}{\376\377\000V\000\375\000s\000l\000e\000d\000k\000y\000\040\000b\000e\000n\000c\000h\000m\000a\000r\000k\000u\000\040\000p\000r\000o\000\040\000j\000e\000d\000n\000o\000t\000l\000i\000v\000\351\000\040\000g\000r\000a\000f\000y}{appendix.A}% 74
\BOOKMARK [1][-]{section.A.5}{\376\377\000d\000r\000u\000h\000a\000\040\000p\000r\000i\000l\000o\000h\000a}{appendix.A}% 75
